Building DAG of jobs...
The code used to generate one or several output files has changed:
    To inspect which output files have changes, run 'snakemake --list-code-changes'.
    To trigger a re-run, use 'snakemake -R $(snakemake --list-code-changes)'.
The input used to generate one or several output files has changed:
    To inspect which output files have changes, run 'snakemake --list-input-changes'.
    To trigger a re-run, use 'snakemake -R $(snakemake --list-input-changes)'.
The params used to generate one or several output files has changed:
    To inspect which output files have changes, run 'snakemake --list-params-changes'.
    To trigger a re-run, use 'snakemake -R $(snakemake --list-params-changes)'.
Using shell: /bin/bash
Provided cores: 1 (use --cores to define parallelism)
Rules claiming more threads will be scaled down.
Job stats:
job      count    min threads    max threads
-----  -------  -------------  -------------
all          1              1              1
iaf          4              1              1
total        5              1              1

Select jobs to execute...

[Thu Mar 31 16:41:06 2022]
rule iaf:
    input: data/unzipped/50_raw.gwas.imputed_v3.both_sexes.tsv, data/fourier_ls-all_parsed.bed, data/ukbb_phenotype_names.tsv
    output: data/iaf/maf_0.05/pval_5e-3/50_raw.gwas.imputed_v3.both_sexes.tsv
    jobid: 5
    wildcards: maf=maf_0.05, pval=pval_5e-3, id=50_raw
    resources: tmpdir=/var/folders/zk/7cx059j91lqbwvk7qk6kky6r0000gn/T

[Thu Mar 31 16:41:50 2022]
Finished job 5.
1 of 5 steps (20%) done
Select jobs to execute...

[Thu Mar 31 16:41:51 2022]
rule iaf:
    input: data/unzipped/50_raw.gwas.imputed_v3.both_sexes.tsv, data/fourier_ls-all_parsed.bed, data/ukbb_phenotype_names.tsv
    output: data/iaf/maf_0.05/pval_5e-8/50_raw.gwas.imputed_v3.both_sexes.tsv
    jobid: 4
    wildcards: maf=maf_0.05, pval=pval_5e-8, id=50_raw
    resources: tmpdir=/var/folders/zk/7cx059j91lqbwvk7qk6kky6r0000gn/T

[Thu Mar 31 16:42:21 2022]
Finished job 4.
2 of 5 steps (40%) done
Select jobs to execute...

[Thu Mar 31 16:42:22 2022]
rule iaf:
    input: data/unzipped/50_raw.gwas.imputed_v3.both_sexes.tsv, data/fourier_ls-all_parsed.bed, data/ukbb_phenotype_names.tsv
    output: data/iaf/maf_0.01/pval_5e-8/50_raw.gwas.imputed_v3.both_sexes.tsv
    jobid: 1
    wildcards: maf=maf_0.01, pval=pval_5e-8, id=50_raw
    resources: tmpdir=/var/folders/zk/7cx059j91lqbwvk7qk6kky6r0000gn/T

[Thu Mar 31 16:42:51 2022]
Finished job 1.
3 of 5 steps (60%) done
Select jobs to execute...

[Thu Mar 31 16:42:51 2022]
rule iaf:
    input: data/unzipped/50_raw.gwas.imputed_v3.both_sexes.tsv, data/fourier_ls-all_parsed.bed, data/ukbb_phenotype_names.tsv
    output: data/iaf/maf_0.01/pval_5e-3/50_raw.gwas.imputed_v3.both_sexes.tsv
    jobid: 3
    wildcards: maf=maf_0.01, pval=pval_5e-3, id=50_raw
    resources: tmpdir=/var/folders/zk/7cx059j91lqbwvk7qk6kky6r0000gn/T

[Thu Mar 31 16:43:35 2022]
Finished job 3.
4 of 5 steps (80%) done
Select jobs to execute...

[Thu Mar 31 16:43:35 2022]
localrule all:
    input: data/iaf/maf_0.01/pval_5e-8/50_raw.gwas.imputed_v3.both_sexes.tsv, data/iaf/maf_0.01/pval_5e-3/50_raw.gwas.imputed_v3.both_sexes.tsv, data/iaf/maf_0.05/pval_5e-8/50_raw.gwas.imputed_v3.both_sexes.tsv, data/iaf/maf_0.05/pval_5e-3/50_raw.gwas.imputed_v3.both_sexes.tsv
    jobid: 0
    resources: tmpdir=/var/folders/zk/7cx059j91lqbwvk7qk6kky6r0000gn/T

[Thu Mar 31 16:43:35 2022]
Finished job 0.
5 of 5 steps (100%) done
Complete log: /Users/alexstern/ukbb_ss_pipeline/.snakemake/log/2022-03-31T164106.266193.snakemake.log
