Building DAG of jobs...
Using shell: /bin/bash
Provided cores: 1 (use --cores to define parallelism)
Rules claiming more threads will be scaled down.
Job stats:
job          count    min threads    max threads
---------  -------  -------------  -------------
all              1              1              1
unzip_bgz        1              1              1
total            2              1              1

Select jobs to execute...

[Thu Mar  3 16:17:45 2022]
rule unzip_bgz:
    input: data/raw/50_raw.gwas.imputed_v3.both_sexes.tsv.bgz
    output: data/unzipped/50_raw.gwas.imputed_v3.both_sexes.tsv
    jobid: 1
    wildcards: id=50_raw
    resources: tmpdir=/var/folders/zk/7cx059j91lqbwvk7qk6kky6r0000gn/T

[Thu Mar  3 16:17:49 2022]
Finished job 1.
1 of 2 steps (50%) done
Select jobs to execute...

[Thu Mar  3 16:17:49 2022]
localrule all:
    input: data/unzipped/50_raw.gwas.imputed_v3.both_sexes.tsv
    jobid: 0
    resources: tmpdir=/var/folders/zk/7cx059j91lqbwvk7qk6kky6r0000gn/T

[Thu Mar  3 16:17:49 2022]
Finished job 0.
2 of 2 steps (100%) done
Complete log: /Users/alexstern/ukbb_ss_pipeline/.snakemake/log/2022-03-03T161744.995548.snakemake.log
