SLURM_JOBID=19414640
# Pipeline to process GWAS summary statistics
IDS, = glob_wildcards("output/file_names/small/{id}.gwas.imputed_v3.both_sexes.tsv.bgz")
MAF = ["maf_0.01"]
PVAL = ["pval_5e-8"]

def get_params(x):
	out = x.split("_")[1]
	return out

rule all:
	input:
		expand("data/iaf/{maf}/{pval}/{id}.gwas.imputed_v3.both_sexes.tsv", id=IDS, maf=MAF, pval=PVAL)


#This rule unzips raw bgz files
#rule unzip_bgz:
#	input:
#		"data/raw/{id}.gwas.imputed_v3.both_sexes.tsv.bgz"
#	output:
#		"data/unzipped/{id}.gwas.imputed_v3.both_sexes.tsv"
#	shell:
#		"gunzip -c {input} > {output}"

#This rule runs the get_iaf file
rule iaf:
	input:
#		ss = "data/unzipped/{id}.gwas.imputed_v3.both_sexes.tsv",
		blocks = "data/fourier_ls-all_parsed.bed",
		codes = "data/ukbb_phenotype_names.tsv"
	params:
		maf_t = lambda wildcards: get_params(wildcards.maf),
		pval_t = lambda wildcards: get_params(wildcards.pval)
	output:
		"data/iaf/{maf}/{pval}/{id}.gwas.imputed_v3.both_sexes.tsv"
	shell:
		"Rscript code/get_iaf.R {wildcards.id} {input.blocks} {input.codes} {params.maf_t} {params.pval_t} {output}"



	

	[1] 0.01
[1][1] 5e-08[1]
 0.01 0.01

[1] "2405"[1][1]
 5e-08 5e-08

[1][1] "20002_1572" "5114_raw"

[1] 0.01
[1] 5e-08
[1] "OTHER_SYSTCON_FG"
[1] 0.01
[1] 5e-08
[1] "M46"
[1] 0.01
[1] 5e-08
[1] "3486"
[1] 0.01
[1] 5e-08
[1] "1488_irnt"
[1] 0.01
[1][1][1][1] 0.01 0.01 5e-08 0.01



[1][1][1][1] 5e-08 "100920_2109" 5e-08 5e-08



[1] "84_raw"
[1][1] "22601_61113073"
 "22126"[1]
 0.01
[1] 5e-08
[1] "20003_1140879634"
[1] 0.01
[1] 5e-08
[1] "20003_1140868170"
[1] 0.01
[1] 5e-08
[1] "H7_EPIPHORA"
